Arguments: 
  C:\Program Files\nodejs\node.exe C:\Program Files (x86)\Yarn\bin\yarn.js

PATH: 
  C:\Program Files\Common Files\Oracle\Java\javapath;C:\Program Files (x86)\Common Files\Oracle\Java\javapath;C:\WINDOWS\system32;C:\WINDOWS;C:\WINDOWS\System32\Wbem;C:\WINDOWS\System32\WindowsPowerShell\v1.0\;C:\WINDOWS\System32\OpenSSH\;C:\Program Files (x86)\SafeCom\SafeComPrintClient;C:\Program Files (x86)\OpenText\Viewer\bin;C:\Program Files\Git\cmd;C:\Program Files (x86)\Yarn\bin\;C:\Program Files\nodejs\;C:\Users\x270150\AppData\Local\Microsoft\WindowsApps;C:\Users\x270150\AppData\Local\Yarn\bin;C:\Users\x270150\AppData\Roaming\npm

Yarn version: 
  1.22.4

Node version: 
  20.11.1

Platform: 
  win32 x64

Trace: 
  Error: EPERM: operation not permitted, unlink 'C:\Users\x270150\Documents\ankit-poc\rich-text-editor\node_modules\@tailwindcss\oxide-win32-x64-msvc\tailwindcss-oxide.win32-x64-msvc.node'

npm manifest: 
  {
    "name": "rich-text-editor",
    "private": true,
    "version": "0.0.0",
    "type": "module",
    "scripts": {
      "dev": "vite",
      "build": "tsc -b && vite build",
      "lint": "eslint .",
      "preview": "vite preview"
    },
    "dependencies": {
      "@tailwindcss/vite": "^4.1.4",
      "react": "^19.0.0",
      "react-dom": "^19.0.0",
      "tailwindcss": "^4.1.4"
    },
    "devDependencies": {
      "@eslint/js": "^9.22.0",
      "@types/react": "^19.0.10",
      "@types/react-dom": "^19.0.4",
      "@vitejs/plugin-react": "^4.3.4",
      "eslint": "^9.22.0",
      "eslint-plugin-react-hooks": "^5.2.0",
      "eslint-plugin-react-refresh": "^0.4.19",
      "globals": "^16.0.0",
      "typescript": "~5.7.2",
      "typescript-eslint": "^8.26.1",
      "vite": "^6.3.1"
    }
  }

yarn manifest: 
  No manifest

Lockfile: 
  No lockfile
